业务[开卡] 时间[2018-08-18 08:23:15.888993] 备注：开卡人[老王头], 信用额度[15000.0]
业务[消费] 时间[2018-08-18 08:23:15.888993] 备注：商家[春天故事]，消费金额[2000.0]，当前余额[-2000.0]
业务[还款] 时间[2018-08-18 08:29:16.781691] 备注：还款金额[2000.0]，当前余额[0.0]
业务[消费] 时间[2018-08-18 11:41:47.149459] 备注：金额[180.0]，费用[3.6]，备注[天虹商场西乡店]
业务[消费] 时间[2018-08-18 15:47:09.399865] 备注：[消费]，时间[2018-08-18 15:47:09.399865]，金额[120.0]，费用[2.4]，备注[天虹商场]
业务[消费] 时间[2018-08-18 15:49:39.840081] 备注：[消费]，时间[2018-08-18 15:49:39.840081]，金额[120.0]，费用[2.4]，余额[-428.4]，备注[天虹商场]
业务[取现] 时间[2018-08-19 11:04:01.782470] 备注：[取现]，时间[2018-08-19 11:04:01.782470]，金额[180.0]，费用[3.6]，余额[-612.0]
业务[转账] 时间[2018-08-19 11:07:00.524726] 备注：[转账]，时间[2018-08-19 11:07:00.524726]，金额[100.0]，费用[2.0]，余额[-714.0]，备注[201808180002]
业务[转入账款] 时间[2018-08-19 11:07:00.524726] 备注：[转入账款]，时间[2018-08-19 11:07:00.524726]，金额[100.0]，费用[2.0]，余额[-816.0]，备注[201808180001]
业务[转账] 时间[2018-08-19 11:07:53.565801] 备注：[转账]，时间[2018-08-19 11:07:53.565801]，金额[100.0]，费用[2.0]，余额[-918.0]，备注[201808180002]
业务[转账] 时间[2018-08-19 11:08:01.005812] 备注：[转账]，时间[2018-08-19 11:08:01.005812]，金额[100.0]，费用[2.0]，余额[-1020.0]，备注[201808180002]
业务[转账] 时间[2018-08-19 11:08:20.195840] 备注：[转账]，时间[2018-08-19 11:08:20.195840]，金额[100.0]，费用[2.0]，余额[-1122.0]，备注[201808180002]
业务[转账] 时间[2018-08-19 11:09:11.406914] 备注：[转账]，时间[2018-08-19 11:09:11.406914]，金额[100.0]，费用[2.0]，余额[-1224.0]，备注[201808180002]
业务[还款] 时间[2018-08-19 11:09:42.228957] 备注：[还款]，时间[2018-08-19 11:09:42.228957]，金额[200.0]，余额[-1424.0]
业务[还款] 时间[2018-08-19 11:11:56.699150] 备注：[还款]，时间[2018-08-19 11:11:56.699150]，金额[200.0]，余额[-1224.0]
业务[申请挂失] 时间[2018-08-19 11:13:12.001257] 备注：[申请挂失]，时间[2018-08-19 11:13:12.001257]，余额[-1224.0]
业务[还款] 时间[2018-08-19 11:25:21.359306] 备注：[还款]，时间[2018-08-19 11:24:54.859266]，金额[200.0]，余额[-1024.0]
[还款]，时间[2018-08-19 11:31:01.146792]，金额[200.0]，余额[-824.0][取消挂失]，时间[2018-08-19 11:33:15.125984]，余额[-824.0][还款]，时间[2018-08-19 11:34:25.716086]，金额[50.0]，余额[-774.0][还款]，时间[2018-08-19 11:34:46.627116]，金额[50.0]，余额[-724.0]
[还款]，时间[2018-08-19 11:36:42.331018]，金额[50.0]，余额[-674.0][还款]，时间[2018-08-19 11:37:12.679061]，金额[50.0]，余额[-624.0][还款]，时间[2018-08-19 11:37:35.179093]，金额[50.0]，余额[-574.0]
[还款]，时间[2018-08-19 11:37:43.149104]，金额[50.0]，余额[-524.0]
[还款]，时间[2018-08-19 11:37:45.769108]，金额[50.0]，余额[-474.0]
[还款]，时间[2018-08-19 11:37:59.049127]，金额[50.0]，余额[-424.0]
[还款]，时间[2018-08-19 11:38:01.169130]，金额[50.0]，余额[-374.0]
[还款]，时间[2018-08-19 11:38:09.069141]，金额[50.0]，余额[-324.0]
[还款]，时间[2018-08-19 11:38:13.309147]，金额[50.0]，余额[-274.0]
[申请挂失]，时间[2018-08-19 19:51:10.694723]，余额[-274.0]
[取消挂失]，时间[2018-08-19 19:51:29.397804]，余额[-274.0]
[修改密码]，时间[2018-08-19 20:08:15.120424]，余额[-274.0]
[修改密码]，时间[2018-08-19 20:13:53.744848]，余额[-274.0]
[注销]，时间[2018-08-19 20:15:09.712164]，余额[-274.0]